<?xml version="1.0" encoding="UTF-8"?>
<!-- Generated by org.testng.reporters.JUnitReportReporter -->
<testsuite hostname="DESKTOP-C6N3TPU" failures="0" tests="1" name="A0401.searchTitleForDataValid" time="1.916" errors="0" timestamp="2025-08-27T17:20:37 IST" skipped="0">
  <testcase classname="A0401.searchTitleForDataValid" name="searchForSingleTitle" time="1.916"/>
</testsuite> <!-- A0401.searchTitleForDataValid -->
