<?xml version="1.0" encoding="UTF-8"?>
<!-- Generated by org.testng.reporters.JUnitReportReporter -->
<testsuite hostname="DESKTOP-C6N3TPU" failures="0" tests="1" name="A0704_FakerDataGenerator.FakerDataGenerator" time="0.291" errors="0" timestamp="2025-09-24T17:33:21 IST" skipped="0">
  <testcase classname="A0704_FakerDataGenerator.FakerDataGenerator" name="testGenerateDummyData" time="0.291"/>
</testsuite> <!-- A0704_FakerDataGenerator.FakerDataGenerator -->
