<?xml version="1.0" encoding="UTF-8"?>
<!-- Generated by org.testng.reporters.JUnitReportReporter -->
<testsuite hostname="DESKTOP-C6N3TPU" failures="0" tests="1" name="A0302.CookiesDemo.CookiesDemoTst" time="4.685" errors="0" timestamp="2025-08-12T18:00:04 IST" skipped="0">
  <testcase classname="A0302.CookiesDemo.CookiesDemoTst" name="testServer" time="4.685"/>
</testsuite> <!-- A0302.CookiesDemo.CookiesDemoTst -->
