<?xml version="1.0" encoding="UTF-8"?>
<!-- Generated by org.testng.reporters.JUnitReportReporter -->
<testsuite hostname="DESKTOP-C6N3TPU" failures="0" tests="1" name="PathQueryPramenters.PathQueryPramet" time="2.395" errors="0" timestamp="2025-08-12T12:40:12 IST" skipped="0">
  <testcase classname="PathQueryPramenters.PathQueryPramet" name="testPathQueryPramenters" time="2.395"/>
</testsuite> <!-- PathQueryPramenters.PathQueryPramet -->
