<?xml version="1.0" encoding="UTF-8"?>
<!-- Generated by org.testng.reporters.JUnitReportReporter -->
<testsuite hostname="DESKTOP-C6N3TPU" failures="0" tests="1" name="A0703Authentication_ApiKey.apikey_Header_Authentication" time="2.021" errors="0" timestamp="2025-09-24T16:40:52 IST" skipped="0">
  <testcase classname="A0703Authentication_ApiKey.apikey_Header_Authentication" name="testGETapikeyHeader" time="2.021"/>
</testsuite> <!-- A0703Authentication_ApiKey.apikey_Header_Authentication -->
