<?xml version="1.0" encoding="UTF-8"?>
<!-- Generated by org.testng.reporters.JUnitReportReporter -->
<testsuite hostname="DESKTOP-C6N3TPU" failures="0" tests="1" name="PathQueryPramenters0301.PathQueryPramet" time="2.361" errors="0" timestamp="2025-08-12T12:44:40 IST" skipped="0">
  <testcase classname="PathQueryPramenters0301.PathQueryPramet" name="testPathQueryPramenters" time="2.361"/>
</testsuite> <!-- PathQueryPramenters0301.PathQueryPramet -->
