<?xml version="1.0" encoding="UTF-8"?>
<!-- Generated by org.testng.reporters.JUnitReportReporter -->
<testsuite hostname="DESKTOP-C6N3TPU" failures="0" tests="1" name="A0302.CookiesDemo.CookiesDemoTst" time="2.980" errors="0" timestamp="2025-08-20T11:39:06 IST" skipped="0">
  <testcase classname="A0302.CookiesDemo.CookiesDemoTst" name="testCookies" time="2.980"/>
</testsuite> <!-- A0302.CookiesDemo.CookiesDemoTst -->
