<?xml version="1.0" encoding="UTF-8"?>
<!-- Generated by org.testng.reporters.JUnitReportReporter -->
<testsuite hostname="DESKTOP-C6N3TPU" failures="0" tests="3" name="POJOdataIntrigation.TestPostPutDeleteUsingPOJOData" time="3.292" errors="0" timestamp="2025-08-11T18:37:38 IST" skipped="0">
  <testcase classname="POJOdataIntrigation.TestPostPutDeleteUsingPOJOData" name="testPostUsingPOJO" time="3.123"/>
  <testcase classname="POJOdataIntrigation.TestPostPutDeleteUsingPOJOData" name="testPutUsingPOJO" time="0.135"/>
  <testcase classname="POJOdataIntrigation.TestPostPutDeleteUsingPOJOData" name="testDELETE" time="0.034"/>
</testsuite> <!-- POJOdataIntrigation.TestPostPutDeleteUsingPOJOData -->
