<?xml version="1.0" encoding="UTF-8"?>
<!-- Generated by org.testng.reporters.JUnitReportReporter -->
<testsuite hostname="DESKTOP-C6N3TPU" failures="0" tests="1" name="A0401.Json_Body_Data_Validation" time="1.822" errors="0" timestamp="2025-08-26T16:50:53 IST" skipped="0">
  <testcase classname="A0401.Json_Body_Data_Validation" name="jsonObjectDataValidation" time="1.822"/>
</testsuite> <!-- A0401.Json_Body_Data_Validation -->
