<?xml version="1.0" encoding="UTF-8"?>
<!-- Generated by org.testng.reporters.JUnitReportReporter -->
<testsuite hostname="DESKTOP-C6N3TPU" failures="0" tests="3" name="ExternalJSONfileDataIntrigation0204.TestPostPutDeleteUsingExternalJSONfile" time="2.999" errors="0" timestamp="2025-08-11T19:12:36 IST" skipped="0">
  <testcase classname="ExternalJSONfileDataIntrigation0204.TestPostPutDeleteUsingExternalJSONfile" name="testPOSTusingExternalJSONfile" time="2.801"/>
  <testcase classname="ExternalJSONfileDataIntrigation0204.TestPostPutDeleteUsingExternalJSONfile" name="testPUTusingExternalJSONfile" time="0.175"/>
  <testcase classname="ExternalJSONfileDataIntrigation0204.TestPostPutDeleteUsingExternalJSONfile" name="testDELETEusingExternalJSONfile" time="0.023"/>
</testsuite> <!-- ExternalJSONfileDataIntrigation0204.TestPostPutDeleteUsingExternalJSONfile -->
