<?xml version="1.0" encoding="UTF-8"?>
<!-- Generated by org.testng.reporters.JUnitReportReporter -->
<testsuite hostname="DESKTOP-C6N3TPU" failures="0" tests="1" name="A0501ParsingJSONResponseData.uploadFile_Files" time="1.967" errors="0" timestamp="2025-09-09T13:58:12 IST" skipped="0">
  <testcase classname="A0501ParsingJSONResponseData.uploadFile_Files" name="pract" time="1.967"/>
</testsuite> <!-- A0501ParsingJSONResponseData.uploadFile_Files -->
