<?xml version="1.0" encoding="UTF-8"?>
<!-- Generated by org.testng.reporters.JUnitReportReporter -->
<testsuite hostname="DESKTOP-C6N3TPU" failures="0" tests="3" name="A0203.POJOdataIntrigation.TestPostPutDeleteUsingPOJOData" time="3.219" errors="0" timestamp="2025-09-08T15:54:40 IST" skipped="0">
  <testcase classname="A0203.POJOdataIntrigation.TestPostPutDeleteUsingPOJOData" name="testPostUsingPOJO" time="3.068"/>
  <testcase classname="A0203.POJOdataIntrigation.TestPostPutDeleteUsingPOJOData" name="testPutUsingPOJO" time="0.129"/>
  <testcase classname="A0203.POJOdataIntrigation.TestPostPutDeleteUsingPOJOData" name="testDELETE" time="0.022"/>
</testsuite> <!-- A0203.POJOdataIntrigation.TestPostPutDeleteUsingPOJOData -->
