<?xml version="1.0" encoding="UTF-8"?>
<!-- Generated by org.testng.reporters.JUnitReportReporter -->
<testsuite hostname="DESKTOP-C6N3TPU" failures="0" tests="4" name="A01.Basic.HTTPRequest" time="5.029" errors="0" timestamp="2025-08-20T17:56:20 IST" skipped="0">
  <testcase classname="A01.Basic.HTTPRequest" name="getUsers" time="3.424"/>
  <testcase classname="A01.Basic.HTTPRequest" name="postUserDetail" time="0.826"/>
  <testcase classname="A01.Basic.HTTPRequest" name="updateUserDetails" time="0.432"/>
  <testcase classname="A01.Basic.HTTPRequest" name="deleteRequest" time="0.347"/>
</testsuite> <!-- A01.Basic.HTTPRequest -->
