<?xml version="1.0" encoding="UTF-8"?>
<!-- Generated by org.testng.reporters.JUnitReportReporter -->
<testsuite hostname="DESKTOP-C6N3TPU" failures="0" tests="1" name="A0601.Practice" time="1.921" errors="0" timestamp="2025-09-08T18:51:21 IST" skipped="0">
  <testcase classname="A0601.Practice" name="getJSONObj" time="1.921"/>
</testsuite> <!-- A0601.Practice -->
