<?xml version="1.0" encoding="UTF-8"?>
<!-- Generated by org.testng.reporters.JUnitReportReporter -->
<testsuite hostname="DESKTOP-C6N3TPU" failures="0" tests="1" name="A0301.PathQueryPramenters.PathQueryPramet" time="2.893" errors="0" timestamp="2025-08-19T18:36:55 IST" skipped="0">
  <testcase classname="A0301.PathQueryPramenters.PathQueryPramet" name="testPathQueryPramenters" time="2.893"/>
</testsuite> <!-- A0301.PathQueryPramenters.PathQueryPramet -->
