<?xml version="1.0" encoding="UTF-8"?>
<!-- Generated by org.testng.reporters.JUnitReportReporter -->
<testsuite hostname="DESKTOP-C6N3TPU" failures="0" tests="1" name="A0602.SerializationDeserialization" time="0.691" errors="0" timestamp="2025-09-17T18:21:22 IST" skipped="0">
  <testcase classname="A0602.SerializationDeserialization" name="convertJSON2JavaObject" time="0.691"/>
</testsuite> <!-- A0602.SerializationDeserialization -->
