<?xml version="1.0" encoding="UTF-8"?>
<!-- Generated by org.testng.reporters.JUnitReportReporter -->
<testsuite hostname="DESKTOP-C6N3TPU" failures="0" tests="1" name="A0701Authentication.BasicAuthentication" time="1.846" errors="0" timestamp="2025-09-22T16:19:25 IST" skipped="0">
  <testcase classname="A0701Authentication.BasicAuthentication" name="testDigestAuthentication" time="1.846"/>
</testsuite> <!-- A0701Authentication.BasicAuthentication -->
