<?xml version="1.0" encoding="UTF-8"?>
<!-- Generated by org.testng.reporters.JUnitReportReporter -->
<testsuite hostname="DESKTOP-C6N3TPU" failures="0" tests="1" name="A0501ParsingJSONResponseData.practice" time="0.785" errors="0" timestamp="2025-09-03T12:33:21 IST" skipped="0">
  <testcase classname="A0501ParsingJSONResponseData.practice" name="testXMLResponseBody" time="0.785"/>
</testsuite> <!-- A0501ParsingJSONResponseData.practice -->
