<?xml version="1.0" encoding="UTF-8"?>
<!-- Generated by org.testng.reporters.JUnitReportReporter -->
<testsuite hostname="DESKTOP-C6N3TPU" failures="0" tests="3" name="A0201.HashMapDataIntrigation.HashMapDataIntrigation" time="3.336" errors="0" timestamp="2025-08-21T11:05:04 IST" skipped="0">
  <testcase classname="A0201.HashMapDataIntrigation.HashMapDataIntrigation" name="createDataHashMapPOST" time="3.087"/>
  <testcase classname="A0201.HashMapDataIntrigation.HashMapDataIntrigation" name="updateDataHashMapPUT" time="0.208"/>
  <testcase classname="A0201.HashMapDataIntrigation.HashMapDataIntrigation" name="deleteDataHashMapDELETE" time="0.041"/>
</testsuite> <!-- A0201.HashMapDataIntrigation.HashMapDataIntrigation -->
