<?xml version="1.0" encoding="UTF-8"?>
<!-- Generated by org.testng.reporters.JUnitReportReporter -->
<testsuite hostname="DESKTOP-C6N3TPU" failures="0" tests="1" name="A0201.HashMapDataIntrigation.HashMapDataIntrigation" time="4.182" errors="0" timestamp="2025-08-19T12:28:35 IST" skipped="0">
  <testcase classname="A0201.HashMapDataIntrigation.HashMapDataIntrigation" name="createDataHashMapPOST" time="4.182"/>
</testsuite> <!-- A0201.HashMapDataIntrigation.HashMapDataIntrigation -->
