<?xml version="1.0" encoding="UTF-8"?>
<!-- Generated by org.testng.reporters.JUnitReportReporter -->
<testsuite hostname="DESKTOP-C6N3TPU" failures="0" tests="4" name="A01.Basic.HTTPRequest" time="5.728" errors="0" timestamp="2025-08-21T11:04:48 IST" skipped="0">
  <testcase classname="A01.Basic.HTTPRequest" name="getUsers" time="3.167"/>
  <testcase classname="A01.Basic.HTTPRequest" name="postUserDetail" time="1.218"/>
  <testcase classname="A01.Basic.HTTPRequest" name="updateUserDetails" time="0.747"/>
  <testcase classname="A01.Basic.HTTPRequest" name="deleteRequest" time="0.596"/>
</testsuite> <!-- A01.Basic.HTTPRequest -->
