<?xml version="1.0" encoding="UTF-8"?>
<!-- Generated by org.testng.reporters.JUnitReportReporter -->
<testsuite hostname="DESKTOP-C6N3TPU" failures="0" tests="3" name="OrgJSONdataIntrigation.JsonDataIntrigationTest" time="2.867" errors="0" timestamp="2025-08-11T17:17:39 IST" skipped="0">
  <testcase classname="OrgJSONdataIntrigation.JsonDataIntrigationTest" name="getDataJsonPOST" time="2.706"/>
  <testcase classname="OrgJSONdataIntrigation.JsonDataIntrigationTest" name="updateDataJsonPUT" time="0.119"/>
  <testcase classname="OrgJSONdataIntrigation.JsonDataIntrigationTest" name="removeDataJsonDELETE" time="0.042"/>
</testsuite> <!-- OrgJSONdataIntrigation.JsonDataIntrigationTest -->
