<?xml version="1.0" encoding="UTF-8"?>
<!-- Generated by org.testng.reporters.JUnitReportReporter -->
<testsuite hostname="DESKTOP-C6N3TPU" failures="0" tests="1" name="A0501ParsingJSONResponseData.uploadFile_Files" time="2.084" errors="0" timestamp="2025-09-12T12:54:50 IST" skipped="0">
  <testcase classname="A0501ParsingJSONResponseData.uploadFile_Files" name="pract" time="2.084"/>
</testsuite> <!-- A0501ParsingJSONResponseData.uploadFile_Files -->
