<?xml version="1.0" encoding="UTF-8"?>
<!-- Generated by org.testng.reporters.JUnitReportReporter -->
<testsuite hostname="DESKTOP-C6N3TPU" failures="0" tests="6" name="day2.HashMandOrgDataIntrigation" time="3.638" errors="0" timestamp="2025-08-11T12:34:53 IST" skipped="0">
  <testcase classname="day2.HashMandOrgDataIntrigation" name="createDataHashMapPOST" time="3.250"/>
  <testcase classname="day2.HashMandOrgDataIntrigation" name="updateDataHashMapPUT" time="0.154"/>
  <testcase classname="day2.HashMandOrgDataIntrigation" name="deleteDataHashMapDELETE" time="0.033"/>
  <testcase classname="day2.HashMandOrgDataIntrigation" name="getDataJsonPOST" time="0.128"/>
  <testcase classname="day2.HashMandOrgDataIntrigation" name="updateDataJsonPUT" time="0.045"/>
  <testcase classname="day2.HashMandOrgDataIntrigation" name="removeDataJsonDELETE" time="0.028"/>
</testsuite> <!-- day2.HashMandOrgDataIntrigation -->
