<?xml version="1.0" encoding="UTF-8"?>
<!-- Generated by org.testng.reporters.JUnitReportReporter -->
<testsuite hostname="DESKTOP-C6N3TPU" failures="0" tests="3" name="A0302.Cookies_Header_Demo.getSingleHeaderDemoTest" time="3.239" errors="0" timestamp="2025-08-21T18:40:03 IST" skipped="0">
  <testcase classname="A0302.Cookies_Header_Demo.getSingleHeaderDemoTest" name="getSpecificHeaderName_Value" time="0.343"/>
  <testcase classname="A0302.Cookies_Header_Demo.getSingleHeaderDemoTest" name="getAllHeadersName_Value" time="0.339"/>
  <testcase classname="A0302.Cookies_Header_Demo.getSingleHeaderDemoTest" name="assertHeader" time="2.557"/>
</testsuite> <!-- A0302.Cookies_Header_Demo.getSingleHeaderDemoTest -->
