<?xml version="1.0" encoding="UTF-8"?>
<!-- Generated by org.testng.reporters.JUnitReportReporter -->
<testsuite hostname="DESKTOP-C6N3TPU" failures="0" tests="1" name="A0501ParsingJSONResponseData.Practice" time="1.923" errors="0" timestamp="2025-09-04T18:25:28 IST" skipped="0">
  <testcase classname="A0501ParsingJSONResponseData.Practice" name="pract" time="1.923"/>
</testsuite> <!-- A0501ParsingJSONResponseData.Practice -->
