<?xml version="1.0" encoding="UTF-8"?>
<!-- Generated by org.testng.reporters.JUnitReportReporter -->
<testsuite hostname="DESKTOP-C6N3TPU" failures="0" tests="1" name="A0601.Practice" time="1.847" errors="0" timestamp="2025-09-08T18:10:51 IST" skipped="0">
  <testcase classname="A0601.Practice" name="getJSONObj" time="1.847"/>
</testsuite> <!-- A0601.Practice -->
