<?xml version="1.0" encoding="UTF-8"?>
<!-- Generated by org.testng.reporters.JUnitReportReporter -->
<testsuite hostname="DESKTOP-C6N3TPU" failures="0" tests="3" name="A0202.orgJSONdataIntrigation.JsonDataIntrigationTest" time="3.160" errors="0" timestamp="2025-08-21T11:10:40 IST" skipped="0">
  <testcase classname="A0202.orgJSONdataIntrigation.JsonDataIntrigationTest" name="getDataJsonPOST" time="3.085"/>
  <testcase classname="A0202.orgJSONdataIntrigation.JsonDataIntrigationTest" name="updateDataJsonPUT" time="0.054"/>
  <testcase classname="A0202.orgJSONdataIntrigation.JsonDataIntrigationTest" name="removeDataJsonDELETE" time="0.021"/>
</testsuite> <!-- A0202.orgJSONdataIntrigation.JsonDataIntrigationTest -->
