<?xml version="1.0" encoding="UTF-8"?>
<!-- Generated by org.testng.reporters.JUnitReportReporter -->
<testsuite hostname="DESKTOP-C6N3TPU" failures="0" tests="6" name="day2.DiffrentTypeDataIntrigation" time="3.555" errors="0" timestamp="2025-08-08T13:14:54 IST" skipped="0">
  <testcase classname="day2.DiffrentTypeDataIntrigation" name="createDataHashMapPOST" time="3.099"/>
  <testcase classname="day2.DiffrentTypeDataIntrigation" name="updateDataHashMapPUT" time="0.216"/>
  <testcase classname="day2.DiffrentTypeDataIntrigation" name="deleteDataHashMapDELETE" time="0.035"/>
  <testcase classname="day2.DiffrentTypeDataIntrigation" name="getDataJsonPOST" time="0.138"/>
  <testcase classname="day2.DiffrentTypeDataIntrigation" name="updateDataJsonPUT" time="0.045"/>
  <testcase classname="day2.DiffrentTypeDataIntrigation" name="removeDataJsonDELETE" time="0.022"/>
</testsuite> <!-- day2.DiffrentTypeDataIntrigation -->
