<?xml version="1.0" encoding="UTF-8"?>
<!-- Generated by org.testng.reporters.JUnitReportReporter -->
<testsuite hostname="DESKTOP-C6N3TPU" failures="0" tests="1" name="A0702Authentication_Bearer.BearerAuthentication" time="1.917" errors="0" timestamp="2025-09-22T19:09:05 IST" skipped="0">
  <testcase classname="A0702Authentication_Bearer.BearerAuthentication" name="testGETinOauth2" time="1.917"/>
</testsuite> <!-- A0702Authentication_Bearer.BearerAuthentication -->
