<?xml version="1.0" encoding="UTF-8"?>
<!-- Generated by org.testng.reporters.JUnitReportReporter -->
<testsuite hostname="DESKTOP-C6N3TPU" failures="0" tests="1" name="A0302.Cookies_Header_Demo.CookiesHeaderDemoTest" time="2.793" errors="0" timestamp="2025-08-21T18:40:26 IST" skipped="0">
  <testcase classname="A0302.Cookies_Header_Demo.CookiesHeaderDemoTest" name="getCookiesListTest" time="2.793"/>
</testsuite> <!-- A0302.Cookies_Header_Demo.CookiesHeaderDemoTest -->
