<?xml version="1.0" encoding="UTF-8"?>
<!-- Generated by org.testng.reporters.JUnitReportReporter -->
<testsuite hostname="DESKTOP-C6N3TPU" failures="0" tests="1" name="A0501ParsingJSONResponseData.practice" time="1.816" errors="0" timestamp="2025-09-02T16:48:14 IST" skipped="0">
  <testcase classname="A0501ParsingJSONResponseData.practice" name="getingCookiesHeader" time="1.816"/>
</testsuite> <!-- A0501ParsingJSONResponseData.practice -->
