<?xml version="1.0" encoding="UTF-8"?>
<!-- Generated by org.testng.reporters.JUnitReportReporter -->
<testsuite hostname="DESKTOP-C6N3TPU" failures="0" tests="1" name="A0501ParsingJSONResponseData.ParsingXMLResponse" time="2.681" errors="0" timestamp="2025-09-08T18:36:03 IST" skipped="0">
  <testcase classname="A0501ParsingJSONResponseData.ParsingXMLResponse" name="testXMLResponseBodyData" time="2.681"/>
</testsuite> <!-- A0501ParsingJSONResponseData.ParsingXMLResponse -->
