<?xml version="1.0" encoding="UTF-8"?>
<!-- Generated by org.testng.reporters.JUnitReportReporter -->
<testsuite hostname="DESKTOP-C6N3TPU" failures="0" tests="1" name="A0204.ExternalJSONfileDataIntrigation.TestPostPutDeleteUsingExternalJSONfile" time="2.786" errors="0" timestamp="2025-09-08T17:03:41 IST" skipped="0">
  <testcase classname="A0204.ExternalJSONfileDataIntrigation.TestPostPutDeleteUsingExternalJSONfile" name="testPOSTusingExternalJSONfile" time="2.786"/>
</testsuite> <!-- A0204.ExternalJSONfileDataIntrigation.TestPostPutDeleteUsingExternalJSONfile -->
