<?xml version="1.0" encoding="UTF-8"?>
<!-- Generated by org.testng.reporters.JUnitReportReporter -->
<testsuite hostname="DESKTOP-C6N3TPU" failures="0" tests="1" name="A0601.schemaValidationJSON" time="2.542" errors="0" timestamp="2025-09-12T15:48:27 IST" skipped="0">
  <testcase classname="A0601.schemaValidationJSON" name="jsonScemaValidation" time="2.542"/>
</testsuite> <!-- A0601.schemaValidationJSON -->
