<?xml version="1.0" encoding="UTF-8"?>
<!-- Generated by org.testng.reporters.JUnitReportReporter -->
<testsuite hostname="DESKTOP-C6N3TPU" failures="0" tests="1" name="A0801_Chaining.CreateUser" time="2.995" errors="0" timestamp="2025-09-25T13:46:52 IST" skipped="0">
  <testcase classname="A0801_Chaining.CreateUser" name="test_createUser" time="2.995"/>
</testsuite> <!-- A0801_Chaining.CreateUser -->
